# JRE version: Java(TM) SE Runtime Environment (17.0.12+8) (build 17.0.12+8-LTS-286)
# Java VM: Java HotSpot(TM) 64-Bit Server VM (17.0.12+8-LTS-286, mixed mode, sharing, tiered, compressed oops, compressed class ptrs, g1 gc, windows-amd64)
GC Precious Log:
 CPUs: 16 total, 16 available
 Memory: 24343M
 Large Page Support: Disabled
 NUMA Support: Disabled
 Compressed Oops: Enabled (Zero based)
 Heap Region Size: 4M
 Heap Min Capacity: 8M
 Heap Initial Capacity: 384M
 Heap Max Capacity: 6088M
 Pre-touch: Disabled
 Parallel Workers: 13
 Concurrent Workers: 3
 Concurrent Refinement Workers: 13
 Periodic GC: Disabled
Heap:
 garbage-first heap   total 40960K, used 19277K [0x0000000683800000, 0x0000000800000000)
  region size 4096K, 2 young (8192K), 1 survivors (4096K)
 Metaspace       used 25402K, committed 25600K, reserved 1114112K
  class space    used 2814K, committed 2944K, reserved 1048576K
GC Heap History (8 events):
Event: 0.308 GC heap before
{Heap before GC invocations=0 (full 0):
 garbage-first heap   total 393216K, used 16384K [0x0000000683800000, 0x0000000800000000)
  region size 4096K, 5 young (20480K), 0 survivors (0K)
 Metaspace       used 10156K, committed 10368K, reserved 1114112K
  class space    used 1017K, committed 1152K, reserved 1048576K
}
Event: 0.311 GC heap after
{Heap after GC invocations=1 (full 0):
 garbage-first heap   total 393216K, used 3613K [0x0000000683800000, 0x0000000800000000)
  region size 4096K, 1 young (4096K), 1 survivors (4096K)
 Metaspace       used 10156K, committed 10368K, reserved 1114112K
  class space    used 1017K, committed 1152K, reserved 1048576K
}
Event: 0.537 GC heap before
{Heap before GC invocations=1 (full 0):
 garbage-first heap   total 393216K, used 24093K [0x0000000683800000, 0x0000000800000000)
  region size 4096K, 6 young (24576K), 1 survivors (4096K)
 Metaspace       used 17216K, committed 17408K, reserved 1114112K
  class space    used 1829K, committed 1920K, reserved 1048576K
}
Event: 0.540 GC heap after
{Heap after GC invocations=2 (full 0):
 garbage-first heap   total 393216K, used 5697K [0x0000000683800000, 0x0000000800000000)
  region size 4096K, 1 young (4096K), 1 survivors (4096K)
 Metaspace       used 17216K, committed 17408K, reserved 1114112K
  class space    used 1829K, committed 1920K, reserved 1048576K
}
Event: 0.662 GC heap before
{Heap before GC invocations=2 (full 0):
 garbage-first heap   total 393216K, used 9793K [0x0000000683800000, 0x0000000800000000)
  region size 4096K, 3 young (12288K), 1 survivors (4096K)
 Metaspace       used 21304K, committed 21504K, reserved 1114112K
  class space    used 2334K, committed 2432K, reserved 1048576K
}
Event: 0.664 GC heap after
{Heap after GC invocations=3 (full 0):
 garbage-first heap   total 393216K, used 6215K [0x0000000683800000, 0x0000000800000000)
  region size 4096K, 1 young (4096K), 1 survivors (4096K)
 Metaspace       used 21304K, committed 21504K, reserved 1114112K
  class space    used 2334K, committed 2432K, reserved 1048576K
}
Event: 10.020 GC heap before
{Heap before GC invocations=4 (full 0):
 garbage-first heap   total 40960K, used 26695K [0x0000000683800000, 0x0000000800000000)
  region size 4096K, 4 young (16384K), 1 survivors (4096K)
 Metaspace       used 25168K, committed 25408K, reserved 1114112K
  class space    used 2805K, committed 2944K, reserved 1048576K
}
Event: 10.023 GC heap after
{Heap after GC invocations=5 (full 0):
 garbage-first heap   total 40960K, used 19277K [0x0000000683800000, 0x0000000800000000)
  region size 4096K, 1 young (4096K), 1 survivors (4096K)
 Metaspace       used 25168K, committed 25408K, reserved 1114112K
  class space    used 2805K, committed 2944K, reserved 1048576K
}

